/Library/Java/JavaVirtualMachines/jdk1.8.0_20.jdk/Contents/Home/bin/java -Didea.launcher.port=7532 "-Didea.launcher.bin.path=/Applications/IntelliJ IDEA 15 EAP.app/Contents/bin" -Dfile.encoding=UTF-8 -classpath "/Library/Java/JavaVirtualMachines/jdk1.8.0_20.jdk/Contents/Home/jre/lib/charsets.jar:/Library/Java/JavaVirtualMachines/jdk1.8.0_20.jdk/Contents/Home/jre/lib/deploy.jar:/Library/Java/JavaVirtualMachines/jdk1.8.0_20.jdk/Contents/Home/jre/lib/ext/cldrdata.jar:/Library/Java/JavaVirtualMachines/jdk1.8.0_20.jdk/Contents/Home/jre/lib/ext/dnsns.jar:/Library/Java/JavaVirtualMachines/jdk1.8.0_20.jdk/Contents/Home/jre/lib/ext/jfxrt.jar:/Library/Java/JavaVirtualMachines/jdk1.8.0_20.jdk/Contents/Home/jre/lib/ext/localedata.jar:/Library/Java/JavaVirtualMachines/jdk1.8.0_20.jdk/Contents/Home/jre/lib/ext/nashorn.jar:/Library/Java/JavaVirtualMachines/jdk1.8.0_20.jdk/Contents/Home/jre/lib/ext/sunec.jar:/Library/Java/JavaVirtualMachines/jdk1.8.0_20.jdk/Contents/Home/jre/lib/ext/sunjce_provider.jar:/Library/Java/JavaVirtualMachines/jdk1.8.0_20.jdk/Contents/Home/jre/lib/ext/sunpkcs11.jar:/Library/Java/JavaVirtualMachines/jdk1.8.0_20.jdk/Contents/Home/jre/lib/ext/zipfs.jar:/Library/Java/JavaVirtualMachines/jdk1.8.0_20.jdk/Contents/Home/jre/lib/javaws.jar:/Library/Java/JavaVirtualMachines/jdk1.8.0_20.jdk/Contents/Home/jre/lib/jce.jar:/Library/Java/JavaVirtualMachines/jdk1.8.0_20.jdk/Contents/Home/jre/lib/jfr.jar:/Library/Java/JavaVirtualMachines/jdk1.8.0_20.jdk/Contents/Home/jre/lib/jfxswt.jar:/Library/Java/JavaVirtualMachines/jdk1.8.0_20.jdk/Contents/Home/jre/lib/jsse.jar:/Library/Java/JavaVirtualMachines/jdk1.8.0_20.jdk/Contents/Home/jre/lib/management-agent.jar:/Library/Java/JavaVirtualMachines/jdk1.8.0_20.jdk/Contents/Home/jre/lib/plugin.jar:/Library/Java/JavaVirtualMachines/jdk1.8.0_20.jdk/Contents/Home/jre/lib/resources.jar:/Library/Java/JavaVirtualMachines/jdk1.8.0_20.jdk/Contents/Home/jre/lib/rt.jar:/Library/Java/JavaVirtualMachines/jdk1.8.0_20.jdk/Contents/Home/lib/ant-javafx.jar:/Library/Java/JavaVirtualMachines/jdk1.8.0_20.jdk/Contents/Home/lib/dt.jar:/Library/Java/JavaVirtualMachines/jdk1.8.0_20.jdk/Contents/Home/lib/javafx-mx.jar:/Library/Java/JavaVirtualMachines/jdk1.8.0_20.jdk/Contents/Home/lib/jconsole.jar:/Library/Java/JavaVirtualMachines/jdk1.8.0_20.jdk/Contents/Home/lib/sa-jdi.jar:/Library/Java/JavaVirtualMachines/jdk1.8.0_20.jdk/Contents/Home/lib/tools.jar:/Users/terma/Projects/processing-prototype/target/test-classes:/Users/terma/Projects/processing-prototype/target/classes:/Users/terma/.m2/repository/com/h2database/h2/1.4.190/h2-1.4.190.jar:/Users/terma/.m2/repository/mysql/mysql-connector-java/5.1.37/mysql-connector-java-5.1.37.jar:/Users/terma/.m2/repository/junit/junit/4.10/junit-4.10.jar:/Users/terma/.m2/repository/org/hamcrest/hamcrest-core/1.1/hamcrest-core-1.1.jar:/Users/terma/.m2/repository/org/openjdk/jmh/jmh-core/1.11.2/jmh-core-1.11.2.jar:/Users/terma/.m2/repository/net/sf/jopt-simple/jopt-simple/4.6/jopt-simple-4.6.jar:/Users/terma/.m2/repository/org/apache/commons/commons-math3/3.2/commons-math3-3.2.jar:/Users/terma/.m2/repository/org/openjdk/jmh/jmh-generator-annprocess/1.11.2/jmh-generator-annprocess-1.11.2.jar:/Applications/IntelliJ IDEA 15 EAP.app/Contents/lib/idea_rt.jar" com.intellij.rt.execution.application.AppMain com.github.terma.fastselect.Benchmark
# JMH 1.11.2 (released 8 days ago)
# VM version: JDK 1.8.0_20, VM 25.20-b23
# VM invoker: /Library/Java/JavaVirtualMachines/jdk1.8.0_20.jdk/Contents/Home/jre/bin/java
# VM options: -Xmx4g
# Warmup: 1 iterations, 30 s each
# Measurement: 1 iterations, 30 s each
# Timeout: 10 min per iteration
# Threads: 1 thread, will synchronize iterations
# Benchmark mode: Average time, time/op
# Benchmark: com.github.terma.fastselect.Benchmark.case10G5R4C20S40D
# Parameters: (blockSize = 10, volume = 100000)

# Run progress: 0.00% complete, ETA 00:09:00
# Fork: 1 of 1
# Warmup Iteration   1: Filler started
..........
Created 100000 count 1 average time 246 msec
Filler finished
0.011 ms/op
Iteration   1: 0.011 ms/op


Result "case10G5R4C20S40D":
  0.011 ms/op


# JMH 1.11.2 (released 8 days ago)
# VM version: JDK 1.8.0_20, VM 25.20-b23
# VM invoker: /Library/Java/JavaVirtualMachines/jdk1.8.0_20.jdk/Contents/Home/jre/bin/java
# VM options: -Xmx4g
# Warmup: 1 iterations, 30 s each
# Measurement: 1 iterations, 30 s each
# Timeout: 10 min per iteration
# Threads: 1 thread, will synchronize iterations
# Benchmark mode: Average time, time/op
# Benchmark: com.github.terma.fastselect.Benchmark.case10G5R4C20S40D
# Parameters: (blockSize = 10, volume = 1000000)

# Run progress: 11.11% complete, ETA 00:08:06
# Fork: 1 of 1
# Warmup Iteration   1: Filler started
....................................................................................................
Created 1000000 count 1 average time 1548 msec
Filler finished
0.011 ms/op
Iteration   1: 0.011 ms/op


Result "case10G5R4C20S40D":
  0.011 ms/op


# JMH 1.11.2 (released 8 days ago)
# VM version: JDK 1.8.0_20, VM 25.20-b23
# VM invoker: /Library/Java/JavaVirtualMachines/jdk1.8.0_20.jdk/Contents/Home/jre/bin/java
# VM options: -Xmx4g
# Warmup: 1 iterations, 30 s each
# Measurement: 1 iterations, 30 s each
# Timeout: 10 min per iteration
# Threads: 1 thread, will synchronize iterations
# Benchmark mode: Average time, time/op
# Benchmark: com.github.terma.fastselect.Benchmark.case10G5R4C20S40D
# Parameters: (blockSize = 10, volume = 10000000)

# Run progress: 22.22% complete, ETA 00:07:10
# Fork: 1 of 1
# Warmup Iteration   1: Filler started
........................................................................................................................................................................................................................................................................................................................................................................................................................................................................................................................................................................................................................................................................................................................................................................................................................................................................................................................................................................................................................................
Created 10000000 count 1 average time 20908 msec
Filler finished
0.012 ms/op
Iteration   1: 0.011 ms/op


Result "case10G5R4C20S40D":
  0.011 ms/op


# JMH 1.11.2 (released 8 days ago)
# VM version: JDK 1.8.0_20, VM 25.20-b23
# VM invoker: /Library/Java/JavaVirtualMachines/jdk1.8.0_20.jdk/Contents/Home/jre/bin/java
# VM options: -Xmx4g
# Warmup: 1 iterations, 30 s each
# Measurement: 1 iterations, 30 s each
# Timeout: 10 min per iteration
# Threads: 1 thread, will synchronize iterations
# Benchmark mode: Average time, time/op
# Benchmark: com.github.terma.fastselect.Benchmark.case10G5R4C20S40D
# Parameters: (blockSize = 1000, volume = 100000)

# Run progress: 33.33% complete, ETA 00:06:49
# Fork: 1 of 1
# Warmup Iteration   1: Filler started
..........
Created 100000 count 1 average time 176 msec
Filler finished
2.277 ms/op
Iteration   1: 2.275 ms/op


Result "case10G5R4C20S40D":
  2.275 ms/op


# JMH 1.11.2 (released 8 days ago)
# VM version: JDK 1.8.0_20, VM 25.20-b23
# VM invoker: /Library/Java/JavaVirtualMachines/jdk1.8.0_20.jdk/Contents/Home/jre/bin/java
# VM options: -Xmx4g
# Warmup: 1 iterations, 30 s each
# Measurement: 1 iterations, 30 s each
# Timeout: 10 min per iteration
# Threads: 1 thread, will synchronize iterations
# Benchmark mode: Average time, time/op
# Benchmark: com.github.terma.fastselect.Benchmark.case10G5R4C20S40D
# Parameters: (blockSize = 1000, volume = 1000000)

# Run progress: 44.44% complete, ETA 00:05:31
# Fork: 1 of 1
# Warmup Iteration   1: Filler started
....................................................................................................
Created 1000000 count 1 average time 472 msec
Filler finished
2.269 ms/op
Iteration   1: 2.267 ms/op


Result "case10G5R4C20S40D":
  2.267 ms/op


# JMH 1.11.2 (released 8 days ago)
# VM version: JDK 1.8.0_20, VM 25.20-b23
# VM invoker: /Library/Java/JavaVirtualMachines/jdk1.8.0_20.jdk/Contents/Home/jre/bin/java
# VM options: -Xmx4g
# Warmup: 1 iterations, 30 s each
# Measurement: 1 iterations, 30 s each
# Timeout: 10 min per iteration
# Threads: 1 thread, will synchronize iterations
# Benchmark mode: Average time, time/op
# Benchmark: com.github.terma.fastselect.Benchmark.case10G5R4C20S40D
# Parameters: (blockSize = 1000, volume = 10000000)

# Run progress: 55.56% complete, ETA 00:04:21
# Fork: 1 of 1
# Warmup Iteration   1: Filler started
........................................................................................................................................................................................................................................................................................................................................................................................................................................................................................................................................................................................................................................................................................................................................................................................................................................................................................................................................................................................................................................
Created 10000000 count 1 average time 6290 msec
Filler finished
2.422 ms/op
Iteration   1: 2.411 ms/op


Result "case10G5R4C20S40D":
  2.411 ms/op


# JMH 1.11.2 (released 8 days ago)
# VM version: JDK 1.8.0_20, VM 25.20-b23
# VM invoker: /Library/Java/JavaVirtualMachines/jdk1.8.0_20.jdk/Contents/Home/jre/bin/java
# VM options: -Xmx4g
# Warmup: 1 iterations, 30 s each
# Measurement: 1 iterations, 30 s each
# Timeout: 10 min per iteration
# Threads: 1 thread, will synchronize iterations
# Benchmark mode: Average time, time/op
# Benchmark: com.github.terma.fastselect.Benchmark.case10G5R4C20S40D
# Parameters: (blockSize = 100000, volume = 100000)

# Run progress: 66.67% complete, ETA 00:03:16
# Fork: 1 of 1
# Warmup Iteration   1: Filler started
..........
Created 100000 count 1 average time 165 msec
Filler finished
7.317 ms/op
Iteration   1: 7.338 ms/op


Result "case10G5R4C20S40D":
  7.338 ms/op


# JMH 1.11.2 (released 8 days ago)
# VM version: JDK 1.8.0_20, VM 25.20-b23
# VM invoker: /Library/Java/JavaVirtualMachines/jdk1.8.0_20.jdk/Contents/Home/jre/bin/java
# VM options: -Xmx4g
# Warmup: 1 iterations, 30 s each
# Measurement: 1 iterations, 30 s each
# Timeout: 10 min per iteration
# Threads: 1 thread, will synchronize iterations
# Benchmark mode: Average time, time/op
# Benchmark: com.github.terma.fastselect.Benchmark.case10G5R4C20S40D
# Parameters: (blockSize = 100000, volume = 1000000)

# Run progress: 77.78% complete, ETA 00:02:09
# Fork: 1 of 1
# Warmup Iteration   1: Filler started
....................................................................................................
Created 1000000 count 1 average time 464 msec
Filler finished
77.197 ms/op
Iteration   1: 78.420 ms/op


Result "case10G5R4C20S40D":
  78.420 ms/op


# JMH 1.11.2 (released 8 days ago)
# VM version: JDK 1.8.0_20, VM 25.20-b23
# VM invoker: /Library/Java/JavaVirtualMachines/jdk1.8.0_20.jdk/Contents/Home/jre/bin/java
# VM options: -Xmx4g
# Warmup: 1 iterations, 30 s each
# Measurement: 1 iterations, 30 s each
# Timeout: 10 min per iteration
# Threads: 1 thread, will synchronize iterations
# Benchmark mode: Average time, time/op
# Benchmark: com.github.terma.fastselect.Benchmark.case10G5R4C20S40D
# Parameters: (blockSize = 100000, volume = 10000000)

# Run progress: 88.89% complete, ETA 00:01:04
# Fork: 1 of 1
# Warmup Iteration   1: Filler started
........................................................................................................................................................................................................................................................................................................................................................................................................................................................................................................................................................................................................................................................................................................................................................................................................................................................................................................................................................................................................................................
Created 10000000 count 1 average time 6104 msec
Filler finished
103.718 ms/op
Iteration   1: 106.839 ms/op


Result "case10G5R4C20S40D":
  106.839 ms/op


# Run complete. Total time: 00:09:42

Benchmark                    (blockSize)  (volume)  Mode  Cnt    Score   Error  Units
Benchmark.case10G5R4C20S40D           10    100000  avgt         0.011          ms/op
Benchmark.case10G5R4C20S40D           10   1000000  avgt         0.011          ms/op
Benchmark.case10G5R4C20S40D           10  10000000  avgt         0.011          ms/op
Benchmark.case10G5R4C20S40D         1000    100000  avgt         2.275          ms/op
Benchmark.case10G5R4C20S40D         1000   1000000  avgt         2.267          ms/op
Benchmark.case10G5R4C20S40D         1000  10000000  avgt         2.411          ms/op
Benchmark.case10G5R4C20S40D       100000    100000  avgt         7.338          ms/op
Benchmark.case10G5R4C20S40D       100000   1000000  avgt        78.420          ms/op
Benchmark.case10G5R4C20S40D       100000  10000000  avgt       106.839          ms/op

Process finished with exit code 0
